2023-09-11 23:42:13 | INFO | name : روان عبدالفتاح , user id : 64ff61fac1b9d47122545821
2023-09-11 23:42:39 | INFO | name : روان عبدالفتاح , user id : 64ff61fac1b9d47122545821
2023-09-11 23:42:46 | INFO | name : روان عبدالفتاح , user id : 64ff61fac1b9d47122545821
2023-09-11 23:42:59 | INFO | name : روان عبدالفتاح , user id : 64ff61fac1b9d47122545821
2023-09-11 23:43:08 | INFO | name : روان عبدالفتاح , user id : 64ff61fac1b9d47122545821
2023-09-11 23:43:27 | INFO | name : روان عبدالفتاح , user id : 64ff61fac1b9d47122545821
2023-09-11 23:43:32 | INFO | name : روان عبدالفتاح , user id : 64ff61fac1b9d47122545821
2023-09-11 23:43:46 | INFO | name : روان عبدالفتاح , user id : 64ff61fac1b9d47122545821
2023-09-11 23:44:20 | INFO | {"name":"Rwan","phone":"01226524775","date":"2023-09-20T02:44","email":"r@gmail.com","age":20,"gender":"female"}
2023-09-11 23:44:20 | INFO | name : روان عبدالفتاح , user id : 64ff61fac1b9d47122545821
2023-09-11 23:44:35 | INFO | name : روان عبدالفتاح , user id : 64ff61fac1b9d47122545821
2023-09-11 23:44:39 | INFO | name : روان عبدالفتاح , user id : 64ff61fac1b9d47122545821
2023-09-11 23:44:54 | INFO | name : روان عبدالفتاح , user id : 64ff61fac1b9d47122545821
2023-09-11 23:45:01 | INFO | name : روان عبدالفتاح , user id : 64ff61fac1b9d47122545821
2023-09-11 23:45:14 | INFO | update name : روان عبدالفتاح , user id : 64ff61fac1b9d47122545821
2023-09-11 23:45:14 | INFO | name : روان عبدالفتاح عبدالسلام , user id : 64ff61fac1b9d47122545821
2023-09-11 23:47:44 | INFO | name : روان عبدالفتاح عبدالسلام , user id : 64ff61fac1b9d47122545821
2023-09-11 23:47:50 | INFO | name : روان عبدالفتاح عبدالسلام , user id : 64ff61fac1b9d47122545821
2023-09-11 23:48:02 | INFO | name : روان عبدالفتاح عبدالسلام , user id : 64ff61fac1b9d47122545821
2023-09-11 23:48:59 | INFO | name : روان عبدالفتاح عبدالسلام , user id : 64ff61fac1b9d47122545821
2023-09-11 23:49:29 | INFO | name : روان عبدالفتاح عبدالسلام , user id : 64ff61fac1b9d47122545821
2023-09-11 23:49:39 | INFO | name : روان عبدالفتاح عبدالسلام , user id : 64ff61fac1b9d47122545821
2023-09-11 23:49:49 | INFO | name : روان عبدالفتاح عبدالسلام , user id : 64ff61fac1b9d47122545821
2023-09-11 23:49:52 | INFO | {}
2023-09-11 23:49:57 | INFO | name : روان عبدالفتاح عبدالسلام , user id : 64ff61fac1b9d47122545821
2023-09-11 23:50:00 | INFO | name : روان عبدالفتاح عبدالسلام , user id : 64ff61fac1b9d47122545821
2023-09-11 23:50:05 | INFO | name : روان عبدالفتاح عبدالسلام , user id : 64ff61fac1b9d47122545821
2023-09-11 23:50:07 | INFO | name : روان عبدالفتاح عبدالسلام , user id : 64ff61fac1b9d47122545821
2023-09-11 23:50:15 | INFO | name : روان عبدالفتاح عبدالسلام , user id : 64ff61fac1b9d47122545821
2023-09-11 23:50:22 | INFO | name : روان عبدالفتاح عبدالسلام , user id : 64ff61fac1b9d47122545821
2023-09-11 23:50:24 | INFO | name : روان عبدالفتاح عبدالسلام , user id : 64ff61fac1b9d47122545821
