2024-02-10 16:38:35 | INFO | {"email":"s@gmail.com","password":"11111"}
2024-02-10 16:39:29 | INFO | {"title":"title","content":"title"}
2024-02-10 18:16:55 | INFO | {"title":"ggggg","content":"ffff"}
2024-02-10 18:22:14 | INFO | {"title":"ggggg","content":"ffff","video":"https://www.youtube.com/watch?v=2zRHlqc0_yw"}
2024-02-10 18:48:20 | ERROR | Cast to ObjectId failed for value "1707581815485.jpg" (type string) at path "_id" for model "blog"
2024-02-10 18:48:21 | ERROR | Cast to ObjectId failed for value "1707581815485.jpg" (type string) at path "_id" for model "blog"
2024-02-10 18:48:38 | ERROR | Cast to ObjectId failed for value "1707581815485.jpg" (type string) at path "_id" for model "blog"
2024-02-10 18:48:38 | ERROR | Cast to ObjectId failed for value "1707582134509.jpg" (type string) at path "_id" for model "blog"
2024-02-10 18:48:43 | ERROR | Cast to ObjectId failed for value "1707581815485.jpg" (type string) at path "_id" for model "blog"
2024-02-10 18:48:58 | ERROR | Cast to ObjectId failed for value "1707581815485.jpg" (type string) at path "_id" for model "blog"
2024-02-10 18:48:58 | ERROR | Cast to ObjectId failed for value "1707582134509.jpg" (type string) at path "_id" for model "blog"
2024-02-10 18:49:01 | ERROR | Cast to ObjectId failed for value "1707582134509.jpg" (type string) at path "_id" for model "blog"
2024-02-10 18:49:57 | ERROR | Cast to ObjectId failed for value "1707582134509.jpg" (type string) at path "_id" for model "blog"
2024-02-10 18:49:57 | ERROR | Cast to ObjectId failed for value "1707582134509.jpg" (type string) at path "_id" for model "blog"
2024-02-10 18:50:35 | ERROR | Cast to ObjectId failed for value "1707582134509.jpg" (type string) at path "_id" for model "blog"
2024-02-10 18:51:25 | ERROR | Cast to ObjectId failed for value "1707582134509.jpg" (type string) at path "_id" for model "blog"
2024-02-10 18:51:25 | ERROR | Cast to ObjectId failed for value "1707582134509.jpg" (type string) at path "_id" for model "blog"
2024-02-10 18:51:37 | ERROR | Cast to ObjectId failed for value "1707582134509.jpg" (type string) at path "_id" for model "blog"
2024-02-10 18:51:37 | ERROR | Cast to ObjectId failed for value "1707582134509.jpg" (type string) at path "_id" for model "blog"
2024-02-10 18:51:59 | ERROR | Cast to ObjectId failed for value "1707582134509.jpg" (type string) at path "_id" for model "blog"
2024-02-10 18:51:59 | ERROR | Cast to ObjectId failed for value "1707582134509.jpg" (type string) at path "_id" for model "blog"
2024-02-10 18:52:11 | ERROR | Cast to ObjectId failed for value "1707581815485.jpg" (type string) at path "_id" for model "blog"
2024-02-10 18:52:11 | ERROR | Cast to ObjectId failed for value "1707582134509.jpg" (type string) at path "_id" for model "blog"
2024-02-10 18:52:54 | ERROR | Cast to ObjectId failed for value "1707581815485.jpg" (type string) at path "_id" for model "blog"
2024-02-10 18:52:54 | ERROR | Cast to ObjectId failed for value "1707582134509.jpg" (type string) at path "_id" for model "blog"
2024-02-10 18:52:58 | ERROR | Cast to ObjectId failed for value "1707582134509.jpg" (type string) at path "_id" for model "blog"
2024-02-10 18:52:58 | ERROR | Cast to ObjectId failed for value "1707582134509.jpg" (type string) at path "_id" for model "blog"
2024-02-10 18:57:02 | ERROR | Cast to ObjectId failed for value "1707582134509.jpg" (type string) at path "_id" for model "blog"
2024-02-10 18:57:02 | ERROR | Cast to ObjectId failed for value "1707582134509.jpg" (type string) at path "_id" for model "blog"
2024-02-10 18:59:38 | ERROR | Cast to ObjectId failed for value "1707581815485.jpg" (type string) at path "_id" for model "blog"
2024-02-10 18:59:38 | ERROR | Cast to ObjectId failed for value "1707582134509.jpg" (type string) at path "_id" for model "blog"
2024-02-10 19:01:53 | ERROR | Cast to ObjectId failed for value "1707581815485.jpg" (type string) at path "_id" for model "blog"
2024-02-10 19:01:53 | ERROR | Cast to ObjectId failed for value "1707582134509.jpg" (type string) at path "_id" for model "blog"
2024-02-14 18:06:10 | ERROR | Cast to ObjectId failed for value "1703617018363.jpg" (type string) at path "_id" for model "blog"
2024-02-14 18:06:23 | ERROR | Cast to ObjectId failed for value "1703617018363.jpg" (type string) at path "_id" for model "blog"
2024-02-14 18:06:26 | ERROR | Cast to ObjectId failed for value "1703617018363.jpg" (type string) at path "_id" for model "blog"
2024-02-14 18:07:14 | ERROR | Cast to ObjectId failed for value "1703617018363.jpg" (type string) at path "_id" for model "blog"
2024-02-14 18:09:45 | ERROR | Cast to ObjectId failed for value "1703617018363.jpg" (type string) at path "_id" for model "blog"
2024-02-14 18:10:00 | ERROR | Cast to ObjectId failed for value "1703617018363.jpg" (type string) at path "_id" for model "blog"
2024-02-14 18:10:26 | ERROR | Cast to ObjectId failed for value "1703617018363.jpg" (type string) at path "_id" for model "blog"
2024-02-14 18:10:32 | ERROR | Cast to ObjectId failed for value "1703617018363.jpg" (type string) at path "_id" for model "blog"
2024-02-14 18:10:35 | ERROR | Cast to ObjectId failed for value "1703617018363.jpg" (type string) at path "_id" for model "blog"
2024-02-14 18:10:47 | ERROR | Cast to ObjectId failed for value "1703617018363.jpg" (type string) at path "_id" for model "blog"
2024-02-14 18:11:42 | ERROR | Cast to ObjectId failed for value "1703617018363.jpg" (type string) at path "_id" for model "blog"
2024-02-14 18:29:48 | ERROR | Cast to ObjectId failed for value "1703617018363.jpg" (type string) at path "_id" for model "blog"
2024-02-14 18:29:49 | ERROR | Cast to ObjectId failed for value "1703617018363.jpg" (type string) at path "_id" for model "blog"
2024-02-14 18:33:22 | ERROR | Cast to ObjectId failed for value "1703617018363.jpg" (type string) at path "_id" for model "blog"
2024-02-14 18:34:00 | ERROR | Cast to ObjectId failed for value "1703617018363.jpg" (type string) at path "_id" for model "blog"
2024-02-14 18:35:19 | ERROR | Cast to ObjectId failed for value "1703617018363.jpg" (type string) at path "_id" for model "blog"
2024-02-14 18:50:09 | ERROR | Cast to ObjectId failed for value "1703617018363.jpg" (type string) at path "_id" for model "blog"
2024-02-14 18:50:42 | ERROR | Cast to ObjectId failed for value "1703617018363.jpg" (type string) at path "_id" for model "blog"
2024-02-14 18:50:47 | ERROR | Cast to ObjectId failed for value "1703617018363.jpg" (type string) at path "_id" for model "blog"
2024-02-14 18:50:50 | ERROR | Cast to ObjectId failed for value "1703617018363.jpg" (type string) at path "_id" for model "blog"
2024-02-14 19:02:36 | ERROR | Cast to ObjectId failed for value "1703617018363.jpg" (type string) at path "_id" for model "blog"
2024-02-14 19:02:39 | ERROR | Cast to ObjectId failed for value "1703617018363.jpg" (type string) at path "_id" for model "blog"
2024-02-15 13:17:54 | ERROR | Cast to ObjectId failed for value "1703617018363.jpg" (type string) at path "_id" for model "blog"
2024-02-15 13:18:30 | ERROR | Cast to ObjectId failed for value "1703617018363.jpg" (type string) at path "_id" for model "blog"
2024-02-15 13:19:48 | ERROR | Cast to ObjectId failed for value "1703617018363.jpg" (type string) at path "_id" for model "blog"
2024-02-15 16:23:37 | ERROR | Cast to ObjectId failed for value "1707581815485.jpg" (type string) at path "_id" for model "blog"
2024-02-15 16:23:37 | ERROR | Cast to ObjectId failed for value "1707582134509.jpg" (type string) at path "_id" for model "blog"
2024-02-15 16:25:38 | ERROR | Cast to ObjectId failed for value "1707581815485.jpg" (type string) at path "_id" for model "blog"
2024-02-15 16:25:38 | ERROR | Cast to ObjectId failed for value "1707582134509.jpg" (type string) at path "_id" for model "blog"
2024-02-15 17:13:09 | INFO | {"title":"rwan","content":"content","category":["Abdominal pain/cramps general - الام بالبطن"],"video":"https://www.youtube.com/watch?v=RAaaHr0danc"}
2024-02-15 18:10:49 | ERROR | Cast to ObjectId failed for value "1708009988227.png" (type string) at path "_id" for model "blog"
2024-02-15 18:12:12 | ERROR | Cast to ObjectId failed for value "1708009988227.png" (type string) at path "_id" for model "blog"
2024-02-15 18:13:02 | ERROR | Cast to ObjectId failed for value "1708009988227.png" (type string) at path "_id" for model "blog"
2024-02-15 18:14:20 | ERROR | Cast to ObjectId failed for value "1708009988227.png" (type string) at path "_id" for model "blog"
2024-02-15 18:16:52 | INFO | {"title":"roro","category":["Abdominal pain epigastric - الم في فم المعدة"]}
2024-02-15 18:43:23 | ERROR | Cast to ObjectId failed for value "1708009988227.png" (type string) at path "_id" for model "blog"
2024-02-15 18:43:40 | ERROR | Cast to ObjectId failed for value "1708009988227.png" (type string) at path "_id" for model "blog"
2024-02-15 18:43:45 | ERROR | Cast to ObjectId failed for value "1708009988227.png" (type string) at path "_id" for model "blog"
2024-02-15 18:50:35 | ERROR | Cast to ObjectId failed for value "1708009988227.png" (type string) at path "_id" for model "blog"
2024-02-16 12:29:09 | ERROR | Cast to ObjectId failed for value "1708009988227.png" (type string) at path "_id" for model "blog"
2024-02-16 12:31:37 | ERROR | Cast to ObjectId failed for value "1708009988227.png" (type string) at path "_id" for model "blog"
2024-02-16 12:32:03 | ERROR | Cast to ObjectId failed for value "1708009988227.png" (type string) at path "_id" for model "blog"
2024-02-16 13:39:00 | INFO | {"type":"content","image":"","video":"","list":[""],"subtitle":"jjjjjj","content":"jjjjjjj","blog":"65ce2a0575057fafe2c29e3d"}
2024-02-16 13:40:16 | INFO | {"type":"image","video":"","list":[""],"subtitle":"ttt","content":"tttt","blog":"65ce2a0575057fafe2c29e3d"}
2024-02-16 14:39:26 | ERROR | Cast to ObjectId failed for value "1708009988227.png" (type string) at path "_id" for model "blog"
2024-02-16 14:39:32 | ERROR | Cast to ObjectId failed for value "1708009988227.png" (type string) at path "_id" for model "blog"
2024-02-16 14:40:07 | ERROR | Cast to ObjectId failed for value "1708009988227.png" (type string) at path "_id" for model "blog"
2024-02-16 14:40:07 | ERROR | Cast to ObjectId failed for value "1708009988227.png" (type string) at path "_id" for model "blog"
2024-02-16 14:40:32 | INFO | {"title":"rrrr","category":["Perianal itching - حكة في منطقة ما حول الشرج"]}
2024-02-16 14:41:16 | INFO | {"type":"content","image":"","video":"","list":[""],"subtitle":"","content":"content 1\r\n","blog":"65cf57c06795ea016a64f275"}
2024-02-16 14:41:27 | INFO | {"type":"subtitle","image":"","video":"","list":[""],"subtitle":"subtitle1","content":"","blog":"65cf57c06795ea016a64f275"}
2024-02-16 14:42:13 | INFO | {"type":"image","video":"","list":[""],"subtitle":"","content":"","blog":"65cf57c06795ea016a64f275"}
2024-02-16 14:42:37 | ERROR | Cast to ObjectId failed for value "1708009988227.png" (type string) at path "_id" for model "blog"
2024-02-16 14:42:37 | ERROR | Cast to ObjectId failed for value "1708009988227.png" (type string) at path "_id" for model "blog"
2024-02-16 14:42:56 | ERROR | Cast to ObjectId failed for value "1708009988227.png" (type string) at path "_id" for model "blog"
2024-02-16 14:42:56 | ERROR | Cast to ObjectId failed for value "1708009988227.png" (type string) at path "_id" for model "blog"
2024-02-16 14:43:57 | ERROR | Cast to ObjectId failed for value "1708009988227.png" (type string) at path "_id" for model "blog"
2024-02-16 14:43:57 | ERROR | Cast to ObjectId failed for value "1708009988227.png" (type string) at path "_id" for model "blog"
2024-02-16 14:44:34 | ERROR | Cast to ObjectId failed for value "1708009988227.png" (type string) at path "_id" for model "blog"
2024-02-16 14:44:34 | ERROR | Cast to ObjectId failed for value "1708009988227.png" (type string) at path "_id" for model "blog"
2024-02-16 14:44:46 | ERROR | Cast to ObjectId failed for value "1708009988227.png" (type string) at path "_id" for model "blog"
2024-02-16 14:44:46 | ERROR | Cast to ObjectId failed for value "1708009988227.png" (type string) at path "_id" for model "blog"
2024-02-16 14:45:14 | ERROR | Cast to ObjectId failed for value "1708009988227.png" (type string) at path "_id" for model "blog"
2024-02-16 14:48:54 | ERROR | Cast to ObjectId failed for value "1708009988227.png" (type string) at path "_id" for model "blog"
2024-02-16 14:49:23 | ERROR | Cast to ObjectId failed for value "1708009988227.png" (type string) at path "_id" for model "blog"
2024-02-16 14:49:23 | ERROR | Cast to ObjectId failed for value "1708009988227.png" (type string) at path "_id" for model "blog"
2024-02-16 14:49:47 | ERROR | Cast to ObjectId failed for value "1708009988227.png" (type string) at path "_id" for model "blog"
2024-02-16 14:49:47 | ERROR | Cast to ObjectId failed for value "1708009988227.png" (type string) at path "_id" for model "blog"
2024-02-16 14:50:03 | ERROR | Cast to ObjectId failed for value "1708009988227.png" (type string) at path "_id" for model "blog"
2024-02-16 14:50:03 | ERROR | Cast to ObjectId failed for value "1708009988227.png" (type string) at path "_id" for model "blog"
2024-02-16 14:50:32 | ERROR | Cast to ObjectId failed for value "1708009988227.png" (type string) at path "_id" for model "blog"
2024-02-16 14:50:32 | ERROR | Cast to ObjectId failed for value "1708009988227.png" (type string) at path "_id" for model "blog"
2024-02-16 14:51:01 | ERROR | Cast to ObjectId failed for value "1708009988227.png" (type string) at path "_id" for model "blog"
2024-02-16 14:51:10 | ERROR | Cast to ObjectId failed for value "1708009988227.png" (type string) at path "_id" for model "blog"
2024-02-16 15:06:52 | ERROR | Cast to ObjectId failed for value "1708083616931.png" (type string) at path "_id" for model "blog"
2024-02-16 15:06:52 | ERROR | Cast to ObjectId failed for value "1708083616931.png" (type string) at path "_id" for model "blog"
2024-02-16 15:07:46 | ERROR | Cast to ObjectId failed for value "1708083616931.png" (type string) at path "_id" for model "blog"
2024-02-16 15:08:23 | ERROR | Cast to ObjectId failed for value "1708083616931.png" (type string) at path "_id" for model "blog"
2024-02-16 15:08:23 | ERROR | Cast to ObjectId failed for value "1708083616931.png" (type string) at path "_id" for model "blog"
2024-02-16 15:09:59 | ERROR | Cast to ObjectId failed for value "1708083616931.png" (type string) at path "_id" for model "blog"
2024-02-16 15:09:59 | ERROR | Cast to ObjectId failed for value "1708083616931.png" (type string) at path "_id" for model "blog"
2024-02-16 15:10:20 | ERROR | Cast to ObjectId failed for value "1708083616931.png" (type string) at path "_id" for model "blog"
2024-02-16 15:10:22 | ERROR | Cast to ObjectId failed for value "1708083616931.png" (type string) at path "_id" for model "blog"
2024-02-16 15:10:22 | ERROR | Cast to ObjectId failed for value "1708083616931.png" (type string) at path "_id" for model "blog"
2024-02-16 15:11:14 | INFO | {"type":"list","image":"","video":"","list":["roo","rwan","dins","noor"],"subtitle":"","content":"","blog":"65ce2a0575057fafe2c29e3d"}
2024-02-16 15:11:50 | ERROR | Cast to ObjectId failed for value "1708009988227.png" (type string) at path "_id" for model "blog"
2024-02-16 15:13:01 | ERROR | Cast to ObjectId failed for value "1708083616931.png" (type string) at path "_id" for model "blog"
2024-02-16 15:13:01 | ERROR | Cast to ObjectId failed for value "1708083616931.png" (type string) at path "_id" for model "blog"
2024-02-16 15:14:42 | ERROR | Cast to ObjectId failed for value "1708083616931.png" (type string) at path "_id" for model "blog"
2024-02-16 15:14:42 | ERROR | Cast to ObjectId failed for value "1708083616931.png" (type string) at path "_id" for model "blog"
2024-02-16 15:16:26 | ERROR | Cast to ObjectId failed for value "1708083616931.png" (type string) at path "_id" for model "blog"
2024-02-16 15:16:26 | ERROR | Cast to ObjectId failed for value "1708083616931.png" (type string) at path "_id" for model "blog"
2024-02-16 15:18:45 | ERROR | Cast to ObjectId failed for value "1708009988227.png" (type string) at path "_id" for model "blog"
2024-02-16 15:18:45 | ERROR | Cast to ObjectId failed for value "1708083616931.png" (type string) at path "_id" for model "blog"
2024-02-16 15:18:46 | ERROR | Cast to ObjectId failed for value "1708009988227.png" (type string) at path "_id" for model "blog"
2024-02-16 15:18:46 | ERROR | Cast to ObjectId failed for value "1708083616931.png" (type string) at path "_id" for model "blog"
2024-02-16 15:20:01 | ERROR | Cast to ObjectId failed for value "1708009988227.png" (type string) at path "_id" for model "blog"
2024-02-16 15:20:01 | ERROR | Cast to ObjectId failed for value "1708009988227.png" (type string) at path "_id" for model "blog"
2024-02-16 15:21:32 | INFO | {"title":"العنوان","category":["Flatulence/gas/belching - انتفاخ، غازات، تجشؤ"],"video":"https://www.youtube.com","content":"محتوي المدونة"}
2024-02-16 15:22:02 | INFO | {"type":"content","image":"","video":"","list":[""],"subtitle":"","content":"محتوي اضافي","blog":"65cf615c6795ea016a64f3aa"}
2024-02-16 15:22:10 | INFO | {"type":"subtitle","image":"","video":"","list":[""],"subtitle":"عنوان فرعي","content":"","blog":"65cf615c6795ea016a64f3aa"}
2024-02-16 15:22:18 | INFO | {"type":"image","video":"","list":[""],"subtitle":"","content":"","blog":"65cf615c6795ea016a64f3aa"}
2024-02-16 15:22:25 | INFO | {"type":"video","image":"","video":"https://www.youtube.com","list":[""],"subtitle":"","content":"","blog":"65cf615c6795ea016a64f3aa"}
2024-02-16 15:22:40 | INFO | {"type":"list","image":"","video":"","list":["اول عنصر ","اول عنصر ","اول عنصر "],"subtitle":"","content":"","blog":"65cf615c6795ea016a64f3aa"}
2024-02-16 15:22:48 | ERROR | Cast to ObjectId failed for value "1708009988227.png" (type string) at path "_id" for model "blog"
2024-02-16 15:22:48 | ERROR | Cast to ObjectId failed for value "1708089692407.png" (type string) at path "_id" for model "blog"
2024-02-16 15:22:51 | ERROR | Cast to ObjectId failed for value "1708009988227.png" (type string) at path "_id" for model "blog"
2024-02-16 15:22:51 | ERROR | Cast to ObjectId failed for value "1708089692407.png" (type string) at path "_id" for model "blog"
2024-02-16 15:22:51 | ERROR | Cast to ObjectId failed for value "1708009988227.png" (type string) at path "_id" for model "blog"
2024-02-16 15:22:51 | ERROR | Cast to ObjectId failed for value "1708089692407.png" (type string) at path "_id" for model "blog"
2024-02-16 15:22:55 | ERROR | Cast to ObjectId failed for value "1708089692407.png" (type string) at path "_id" for model "blog"
2024-02-16 15:22:55 | ERROR | Cast to ObjectId failed for value "1708089738755.png" (type string) at path "_id" for model "blog"
2024-02-16 15:31:32 | INFO | {"type":"subtitle","image":"","video":"","list":[""],"subtitle":"عنوان فرعي","content":"","blog":"65cf615c6795ea016a64f3aa"}
2024-02-16 15:31:50 | ERROR | Cast to ObjectId failed for value "1708009988227.png" (type string) at path "_id" for model "blog"
2024-02-16 15:31:50 | ERROR | Cast to ObjectId failed for value "1708089692407.png" (type string) at path "_id" for model "blog"
2024-02-16 15:31:54 | ERROR | Cast to ObjectId failed for value "1708009988227.png" (type string) at path "_id" for model "blog"
2024-02-16 15:31:54 | ERROR | Cast to ObjectId failed for value "1708089692407.png" (type string) at path "_id" for model "blog"
2024-02-16 15:31:57 | ERROR | Cast to ObjectId failed for value "1708089738755.png" (type string) at path "_id" for model "blog"
2024-02-16 15:31:57 | ERROR | Cast to ObjectId failed for value "1708089692407.png" (type string) at path "_id" for model "blog"
2024-02-16 17:11:07 | INFO | {"type":"subtitle","image":"","video":"","list":[""],"subtitle":"عنوان فرعي","content":"","blog":"65cf615c6795ea016a64f3aa"}
2024-02-16 17:11:41 | ERROR | Cast to ObjectId failed for value "1708009988227.png" (type string) at path "_id" for model "blog"
2024-02-16 17:11:41 | ERROR | Cast to ObjectId failed for value "1708089692407.png" (type string) at path "_id" for model "blog"
2024-02-16 17:11:52 | ERROR | Cast to ObjectId failed for value "1708009988227.png" (type string) at path "_id" for model "blog"
2024-02-16 17:11:53 | ERROR | Cast to ObjectId failed for value "1708009988227.png" (type string) at path "_id" for model "blog"
2024-02-16 17:11:53 | ERROR | Cast to ObjectId failed for value "1708089692407.png" (type string) at path "_id" for model "blog"
2024-02-16 17:12:08 | ERROR | Cast to ObjectId failed for value "1708089692407.png" (type string) at path "_id" for model "blog"
2024-02-16 17:12:09 | ERROR | Cast to ObjectId failed for value "1708089738755.png" (type string) at path "_id" for model "blog"
2024-02-16 17:12:09 | ERROR | Cast to ObjectId failed for value "1708089738755.png" (type string) at path "_id" for model "blog"
2024-02-21 01:48:03 | ERROR | Cast to ObjectId failed for value "1708089692407.png" (type string) at path "_id" for model "blog"
2024-02-21 01:48:52 | ERROR | Cast to ObjectId failed for value "1708089692407.png" (type string) at path "_id" for model "blog"
2024-02-21 02:06:42 | ERROR | Cast to ObjectId failed for value "blogs" (type string) at path "blog" for model "blog-content"
2024-02-21 02:06:43 | ERROR | Cast to ObjectId failed for value "blogs" (type string) at path "blog" for model "blog-content"
2024-02-21 02:07:02 | INFO | {"title":"title","category":["Abdominal pain epigastric - الم في فم المعدة"]}
