2023-09-02 17:41:47 | INFO | name : Ahmed hossam , user id : 64f344a9e4a50f8a7e862d11
2023-09-02 17:43:38 | INFO | name : Ahmed hossam , user id : 64f344a9e4a50f8a7e862d11
2023-09-02 17:44:43 | INFO | name : Ahmed hossam , user id : 64f344a9e4a50f8a7e862d11
2023-09-02 17:44:46 | INFO | name : Ahmed hossam , user id : 64f344a9e4a50f8a7e862d11
2023-09-02 17:44:52 | INFO | name : Ahmed hossam , user id : 64f344a9e4a50f8a7e862d11
2023-09-02 17:45:08 | INFO | name : Ahmed hossam , user id : 64f344a9e4a50f8a7e862d11
2023-09-02 17:45:08 | ERROR | next is not a function
2023-09-02 17:47:24 | INFO | name : Ahmed hossam , user id : 64f344a9e4a50f8a7e862d11
2023-09-02 17:47:24 | ERROR | next is not a function
2023-09-02 17:47:59 | INFO | name : Ahmed hossam , user id : 64f344a9e4a50f8a7e862d11
2023-09-02 17:47:59 | ERROR | next is not a function
2023-09-02 17:48:15 | INFO | name : Ahmed hossam , user id : 64f344a9e4a50f8a7e862d11
2023-09-02 17:48:15 | ERROR | next is not a function
2023-09-02 17:50:12 | INFO | name : Ahmed hossam , user id : 64f344a9e4a50f8a7e862d11
2023-09-02 17:50:24 | INFO | name : Ahmed hossam , user id : 64f344a9e4a50f8a7e862d11
2023-09-02 17:51:08 | INFO | name : Ahmed hossam , user id : 64f344a9e4a50f8a7e862d11
2023-09-08 19:30:43 | INFO | name : Ahmed Hossam , user id : 64fb42b2dcfa37af564ed913
2023-09-08 19:31:50 | INFO | name : Ahmed Hossam , user id : 64fb42b2dcfa37af564ed913
2023-09-08 19:31:52 | INFO | name : Ahmed Hossam , user id : 64fb42b2dcfa37af564ed913
2023-09-08 19:31:54 | INFO | name : Ahmed Hossam , user id : 64fb42b2dcfa37af564ed913
2023-09-08 19:32:05 | INFO | name : Ahmed Hossam , user id : 64fb42b2dcfa37af564ed913
2023-09-08 19:32:24 | INFO | name : Ahmed Hossam , user id : 64fb42b2dcfa37af564ed913
2023-09-08 19:36:38 | INFO | name : Ahmed Hossam , user id : 64fb42b2dcfa37af564ed913
2023-09-08 19:37:45 | INFO | name : Ahmed Hossam , user id : 64fb42b2dcfa37af564ed913
2023-09-08 19:37:48 | INFO | name : Ahmed Hossam , user id : 64fb42b2dcfa37af564ed913
2023-09-08 19:38:26 | INFO | name : Ahmed Hossam , user id : 64fb42b2dcfa37af564ed913
2023-09-08 19:38:31 | INFO | name : Ahmed Hossam , user id : 64fb42b2dcfa37af564ed913
2023-09-08 19:38:36 | INFO | name : Ahmed Hossam , user id : 64fb42b2dcfa37af564ed913
2023-09-08 19:38:58 | INFO | name : Ahmed Hossam , user id : 64fb42b2dcfa37af564ed913
2023-09-08 19:39:14 | INFO | name : Ahmed Hossam , user id : 64fb42b2dcfa37af564ed913
2023-09-08 21:22:13 | INFO | name : Ahmed Hossam , user id : 64fb42b2dcfa37af564ed913
2023-09-08 21:23:05 | INFO | name : Ahmed Hossam , user id : 64fb42b2dcfa37af564ed913
2023-09-08 21:23:20 | INFO | name : Ahmed Hossam , user id : 64fb42b2dcfa37af564ed913
2023-09-08 21:23:25 | INFO | name : Ahmed Hossam , user id : 64fb42b2dcfa37af564ed913
2023-09-08 21:23:32 | INFO | name : Ahmed Hossam , user id : 64fb42b2dcfa37af564ed913
2023-09-08 21:23:50 | INFO | name : Ahmed Hossam , user id : 64fb42b2dcfa37af564ed913
2023-09-08 21:23:58 | INFO | name : Ahmed Hossam , user id : 64fb42b2dcfa37af564ed913
2023-09-08 21:24:07 | INFO | name : Ahmed Hossam , user id : 64fb42b2dcfa37af564ed913
2023-09-08 21:24:15 | INFO | name : Ahmed Hossam , user id : 64fb42b2dcfa37af564ed913
2023-09-08 21:24:33 | INFO | name : Ahmed Hossam , user id : 64fb42b2dcfa37af564ed913
2023-09-08 21:24:54 | INFO | name : Ahmed Hossam , user id : 64fb42b2dcfa37af564ed913
2023-09-08 21:25:20 | INFO | name : Ahmed Hossam , user id : 64fb42b2dcfa37af564ed913
2023-09-08 21:31:32 | INFO | name : Ahmed Hossam , user id : 64fb42b2dcfa37af564ed913
2023-09-08 21:31:36 | INFO | name : Ahmed Hossam , user id : 64fb42b2dcfa37af564ed913
2023-09-08 21:31:40 | INFO | name : Ahmed Hossam , user id : 64fb42b2dcfa37af564ed913
2023-09-08 21:31:47 | INFO | name : Ahmed Hossam , user id : 64fb42b2dcfa37af564ed913
2023-09-08 21:31:51 | INFO | name : Ahmed Hossam , user id : 64fb42b2dcfa37af564ed913
2023-09-08 21:32:04 | INFO | name : Ahmed Hossam , user id : 64fb42b2dcfa37af564ed913
2023-09-08 21:35:50 | INFO | name : Ahmed Hossam , user id : 64fb42b2dcfa37af564ed913
2023-09-08 21:42:41 | INFO | name : Ahmed Hossam , user id : 64fb42b2dcfa37af564ed913
2023-09-08 21:42:55 | INFO | name : Ahmed Hossam , user id : 64fb42b2dcfa37af564ed913
2023-09-08 21:43:00 | INFO | name : Ahmed Hossam , user id : 64fb42b2dcfa37af564ed913
2023-09-08 21:43:58 | INFO | name : Ahmed Hossam , user id : 64fb42b2dcfa37af564ed913
2023-09-08 21:43:59 | INFO | name : Ahmed Hossam , user id : 64fb42b2dcfa37af564ed913
2023-09-08 21:44:05 | INFO | name : Ahmed Hossam , user id : 64fb42b2dcfa37af564ed913
2023-09-08 21:46:12 | INFO | name : Ahmed Hossam , user id : 64fb42b2dcfa37af564ed913
2023-09-08 21:46:18 | INFO | name : Ahmed Hossam , user id : 64fb42b2dcfa37af564ed913
2023-09-08 21:46:33 | INFO | name : Ahmed Hossam , user id : 64fb42b2dcfa37af564ed913
2023-09-08 21:46:38 | INFO | name : Ahmed Hossam , user id : 64fb42b2dcfa37af564ed913
2023-09-08 21:47:31 | INFO | name : Ahmed Hossam , user id : 64fb42b2dcfa37af564ed913
2023-09-08 21:51:57 | INFO | name : Ahmed Hossam , user id : 64fb42b2dcfa37af564ed913
2023-09-08 21:52:06 | INFO | name : Ahmed Hossam , user id : 64fb42b2dcfa37af564ed913
2023-09-08 21:52:26 | INFO | name : Ahmed Hossam , user id : 64fb42b2dcfa37af564ed913
2023-09-08 21:53:05 | INFO | name : Ahmed Hossam , user id : 64fb42b2dcfa37af564ed913
2023-09-08 21:53:27 | INFO | name : Ahmed Hossam , user id : 64fb42b2dcfa37af564ed913
2023-09-08 21:56:02 | INFO | name : Ahmed Hossam , user id : 64fb42b2dcfa37af564ed913
2023-09-08 21:56:05 | INFO | name : Ahmed Hossam , user id : 64fb42b2dcfa37af564ed913
2023-09-09 11:41:50 | INFO | name : Ahmed Hossam , user id : 64fb42b2dcfa37af564ed913
2023-09-09 11:42:04 | INFO | name : Ahmed Hossam , user id : 64fb42b2dcfa37af564ed913
2023-09-09 12:01:09 | INFO | name : Ahmed Hossam , user id : 64fb42b2dcfa37af564ed913
2023-09-09 12:01:20 | INFO | name : Ahmed Hossam , user id : 64fb42b2dcfa37af564ed913
2023-09-09 12:04:31 | INFO | name : Ahmed Hossam , user id : 64fb42b2dcfa37af564ed913
2023-09-09 12:07:44 | INFO | name : Ahmed Hossam , user id : 64fb42b2dcfa37af564ed913
2023-09-09 12:07:53 | INFO | name : Ahmed Hossam , user id : 64fb42b2dcfa37af564ed913
2023-09-09 12:08:03 | INFO | name : Ahmed Hossam , user id : 64fb42b2dcfa37af564ed913
2023-09-09 12:12:59 | INFO | name : Ahmed Hossam , user id : 64fb42b2dcfa37af564ed913
2023-09-09 12:13:03 | INFO | name : Ahmed Hossam , user id : 64fb42b2dcfa37af564ed913
2023-09-09 12:13:10 | INFO | name : Ahmed Hossam , user id : 64fb42b2dcfa37af564ed913
2023-09-09 12:15:47 | INFO | name : Ahmed Hossam , user id : 64fb42b2dcfa37af564ed913
2023-09-09 12:16:21 | INFO | name : Ahmed Hossam , user id : 64fb42b2dcfa37af564ed913
2023-09-09 12:17:10 | INFO | name : Ahmed Hossam , user id : 64fb42b2dcfa37af564ed913
2023-09-09 12:17:33 | INFO | name : Ahmed Hossam , user id : 64fb42b2dcfa37af564ed913
2023-09-09 12:18:15 | INFO | name : Ahmed Hossam , user id : 64fb42b2dcfa37af564ed913
2023-09-09 12:18:34 | INFO | name : Ahmed Hossam , user id : 64fb42b2dcfa37af564ed913
2023-09-09 12:19:26 | INFO | name : Ahmed Hossam , user id : 64fb42b2dcfa37af564ed913
2023-09-09 12:19:56 | INFO | name : Ahmed Hossam , user id : 64fb42b2dcfa37af564ed913
2023-09-09 12:22:07 | INFO | name : Ahmed Hossam , user id : 64fb42b2dcfa37af564ed913
2023-09-09 12:25:42 | INFO | name : Ahmed Hossam , user id : 64fb42b2dcfa37af564ed913
2023-09-09 12:25:51 | INFO | name : Ahmed Hossam , user id : 64fb42b2dcfa37af564ed913
2023-09-09 12:26:06 | INFO | name : Ahmed Hossam , user id : 64fb42b2dcfa37af564ed913
2023-09-09 12:26:54 | INFO | name : Ahmed Hossam , user id : 64fb42b2dcfa37af564ed913
2023-09-09 12:56:35 | INFO | name : Ahmed Hossam , user id : 64fb42b2dcfa37af564ed913
2023-09-09 12:56:45 | INFO | name : Ahmed Hossam , user id : 64fb42b2dcfa37af564ed913
2023-09-09 12:56:49 | INFO | name : Ahmed Hossam , user id : 64fb42b2dcfa37af564ed913
2023-09-09 12:58:16 | INFO | name : Ahmed Hossam , user id : 64fb42b2dcfa37af564ed913
2023-09-09 12:58:32 | INFO | name : Ahmed Hossam , user id : 64fb42b2dcfa37af564ed913
2023-09-09 12:59:16 | INFO | name : Ahmed Hossam , user id : 64fb42b2dcfa37af564ed913
2023-09-09 13:24:06 | INFO | name : Ahmed Hossam , user id : 64fb42b2dcfa37af564ed913
2023-09-09 13:24:16 | INFO | name : Ahmed Hossam , user id : 64fb42b2dcfa37af564ed913
2023-09-09 13:24:22 | INFO | name : Ahmed Hossam , user id : 64fb42b2dcfa37af564ed913
2023-09-09 13:26:34 | INFO | name : Ahmed Hossam , user id : 64fb42b2dcfa37af564ed913
2023-09-09 13:34:42 | INFO | name : Ahmed Hossam , user id : 64fb42b2dcfa37af564ed913
2023-09-09 13:34:46 | INFO | name : Ahmed Hossam , user id : 64fb42b2dcfa37af564ed913
2023-09-09 13:34:50 | INFO | name : Ahmed Hossam , user id : 64fb42b2dcfa37af564ed913
2023-09-09 13:35:01 | INFO | name : Ahmed Hossam , user id : 64fb42b2dcfa37af564ed913
2023-09-09 13:36:20 | INFO | name : Ahmed Hossam , user id : 64fb42b2dcfa37af564ed913
2023-09-09 13:44:03 | INFO | name : Ahmed Hossam , user id : 64fb42b2dcfa37af564ed913
2023-09-09 13:44:22 | INFO | name : Ahmed Hossam , user id : 64fb42b2dcfa37af564ed913
2023-09-09 13:44:49 | INFO | name : Ahmed Hossam , user id : 64fb42b2dcfa37af564ed913
2023-09-09 17:17:07 | INFO | name : rwan fathy , user id : 64fb3c0eba42c676fc0e908b
2023-09-09 17:21:10 | INFO | name : rwan fathy , user id : 64fb3c0eba42c676fc0e908b
2023-09-09 17:24:13 | INFO | name : rwan fathy , user id : 64fb3c0eba42c676fc0e908b
2023-09-09 17:24:16 | INFO | name : rwan fathy , user id : 64fb3c0eba42c676fc0e908b
2023-09-09 17:24:18 | INFO | name : rwan fathy , user id : 64fb3c0eba42c676fc0e908b
2023-09-09 17:24:50 | INFO | name : rwan fathy , user id : 64fb3c0eba42c676fc0e908b
2023-09-09 17:25:05 | INFO | name : rwan fathy , user id : 64fb3c0eba42c676fc0e908b
2023-09-09 17:31:24 | INFO | name : rwan fathy , user id : 64fb3c0eba42c676fc0e908b
2023-09-09 17:35:23 | INFO | name : rwan fathy , user id : 64fb3c0eba42c676fc0e908b
2023-09-09 17:39:48 | INFO | name : rwan fathy , user id : 64fb3c0eba42c676fc0e908b
2023-09-09 17:40:43 | INFO | name : rwan fathy , user id : 64fb3c0eba42c676fc0e908b
2023-09-09 17:41:15 | INFO | name : rwan fathy , user id : 64fb3c0eba42c676fc0e908b
2023-09-09 17:42:59 | INFO | name : rwan fathy , user id : 64fb3c0eba42c676fc0e908b
2023-09-09 17:43:00 | INFO | name : rwan fathy , user id : 64fb3c0eba42c676fc0e908b
2023-09-09 17:44:00 | INFO | name : rwan fathy , user id : 64fb3c0eba42c676fc0e908b
2023-09-09 17:44:41 | INFO | name : rwan fathy , user id : 64fb3c0eba42c676fc0e908b
2023-09-09 18:05:05 | INFO | name : rwan fathy , user id : 64fb3c0eba42c676fc0e908b
2023-09-09 18:05:54 | INFO | name : rwan fathy , user id : 64fb3c0eba42c676fc0e908b
2023-09-09 18:08:53 | INFO | name : rwan fathy , user id : 64fb3c0eba42c676fc0e908b
2023-09-09 18:08:59 | INFO | name : rwan fathy , user id : 64fb3c0eba42c676fc0e908b
2023-09-09 18:09:05 | INFO | name : rwan fathy , user id : 64fb3c0eba42c676fc0e908b
2023-09-09 18:15:07 | INFO | name : rwan fathy , user id : 64fb3c0eba42c676fc0e908b
2023-09-09 18:17:03 | INFO | name : rwan fathy , user id : 64fb3c0eba42c676fc0e908b
2023-09-09 18:19:51 | INFO | name : rwan fathy , user id : 64fb3c0eba42c676fc0e908b
2023-09-09 18:24:48 | INFO | name : rwan fathy , user id : 64fb3c0eba42c676fc0e908b
2023-09-09 18:26:29 | INFO | name : rwan fathy , user id : 64fb3c0eba42c676fc0e908b
2023-09-09 18:26:45 | INFO | name : rwan fathy , user id : 64fb3c0eba42c676fc0e908b
2023-09-09 18:27:30 | INFO | name : rwan fathy , user id : 64fb3c0eba42c676fc0e908b
2023-09-09 18:28:33 | INFO | name : rwan fathy , user id : 64fb3c0eba42c676fc0e908b
2023-09-09 18:28:37 | INFO | name : rwan fathy , user id : 64fb3c0eba42c676fc0e908b
2023-09-09 18:29:31 | INFO | name : rwan fathy , user id : 64fb3c0eba42c676fc0e908b
2023-09-09 18:29:36 | INFO | name : rwan fathy , user id : 64fb3c0eba42c676fc0e908b
2023-09-09 18:29:54 | INFO | name : rwan fathy , user id : 64fb3c0eba42c676fc0e908b
2023-09-09 18:30:34 | INFO | name : rwan fathy , user id : 64fb3c0eba42c676fc0e908b
2023-09-09 18:30:43 | INFO | name : rwan fathy , user id : 64fb3c0eba42c676fc0e908b
2023-09-10 15:50:12 | INFO | name : Ahmed Hossam , user id : 64fb42b2dcfa37af564ed913
2023-09-10 15:50:24 | INFO | name : Ahmed Hossam , user id : 64fb42b2dcfa37af564ed913
2023-09-10 16:00:59 | INFO | name : Ahmed Hossam , user id : 64fb42b2dcfa37af564ed913
2023-09-10 16:01:23 | INFO | name : Ahmed Hossam , user id : 64fb42b2dcfa37af564ed913
2023-09-10 16:01:45 | INFO | name : Ahmed Hossam , user id : 64fb42b2dcfa37af564ed913
2023-09-10 16:02:05 | INFO | name : Ahmed Hossam , user id : 64fb42b2dcfa37af564ed913
2023-09-10 16:03:12 | INFO | name : Ahmed Hossam , user id : 64fb42b2dcfa37af564ed913
2023-09-10 16:03:26 | INFO | name : Ahmed Hossam , user id : 64fb42b2dcfa37af564ed913
2023-09-10 16:04:17 | INFO | name : Ahmed Hossam , user id : 64fb42b2dcfa37af564ed913
2023-09-10 16:07:11 | INFO | name : Ahmed Hossam , user id : 64fb42b2dcfa37af564ed913
2023-09-10 16:08:58 | INFO | update name : Ahmed Hossam , user id : 64fb42b2dcfa37af564ed913
2023-09-10 16:09:05 | INFO | update name :   , user id : 64fb42b2dcfa37af564ed913
2023-09-10 16:09:33 | INFO | update name :   , user id : 64fb42b2dcfa37af564ed913
2023-09-10 16:09:36 | INFO | name :   , user id : 64fb42b2dcfa37af564ed913
2023-09-10 16:09:52 | INFO | name :   , user id : 64fb42b2dcfa37af564ed913
2023-09-10 16:11:37 | INFO | name :   , user id : 64fb42b2dcfa37af564ed913
2023-09-10 16:12:16 | INFO | name :   , user id : 64fb42b2dcfa37af564ed913
2023-09-10 16:12:31 | INFO | name :   , user id : 64fb42b2dcfa37af564ed913
2023-09-10 16:12:48 | INFO | name :   , user id : 64fb42b2dcfa37af564ed913
2023-09-10 16:15:16 | INFO | name :   , user id : 64fb42b2dcfa37af564ed913
2023-09-10 16:16:40 | INFO | update name :   , user id : 64fb42b2dcfa37af564ed913
2023-09-10 16:16:40 | ERROR | Cast to Number failed for value "asdasd" (type string) at path "age"
2023-09-10 16:17:20 | INFO | update name :   , user id : 64fb42b2dcfa37af564ed913
2023-09-10 16:17:20 | ERROR | Cast to Number failed for value "asd" (type string) at path "phone"
2023-09-10 16:17:53 | INFO | update name :   , user id : 64fb42b2dcfa37af564ed913
2023-09-10 16:19:01 | INFO | update name : asdas asdasd , user id : 64fb42b2dcfa37af564ed913
2023-09-10 16:19:05 | INFO | update name : asdas asdasd , user id : 64fb42b2dcfa37af564ed913
2023-09-10 16:19:10 | INFO | update name : asdas asdasd , user id : 64fb42b2dcfa37af564ed913
2023-09-10 16:19:16 | INFO | update name : asdas asdasd , user id : 64fb42b2dcfa37af564ed913
2023-09-10 16:19:53 | INFO | update name : asdas asdasd , user id : 64fb42b2dcfa37af564ed913
2023-09-10 16:19:53 | INFO | update name : asdas asdasd , user id : 64fb42b2dcfa37af564ed913
2023-09-10 16:19:53 | INFO | update name : asdas asdasd , user id : 64fb42b2dcfa37af564ed913
2023-09-10 16:19:53 | INFO | update name : asdas asdasd , user id : 64fb42b2dcfa37af564ed913
2023-09-10 16:19:54 | INFO | update name : asdas asdasd , user id : 64fb42b2dcfa37af564ed913
2023-09-10 16:19:58 | INFO | name : asdas asdasd , user id : 64fb42b2dcfa37af564ed913
2023-09-10 16:20:03 | INFO | update name : asdas asdasd , user id : 64fb42b2dcfa37af564ed913
2023-09-10 16:20:13 | INFO | update name :   , user id : 64fb42b2dcfa37af564ed913
2023-09-10 16:20:17 | INFO | update name :   , user id : 64fb42b2dcfa37af564ed913
2023-09-10 16:20:56 | INFO | name :   , user id : 64fb42b2dcfa37af564ed913
2023-09-10 16:21:08 | INFO | update name :   , user id : 64fb42b2dcfa37af564ed913
2023-09-10 16:21:20 | INFO | update name : sadsad sadsad , user id : 64fb42b2dcfa37af564ed913
2023-09-10 16:21:23 | INFO | update name : sadsad sadsad , user id : 64fb42b2dcfa37af564ed913
2023-09-10 16:21:25 | INFO | update name : sadsad sadsad , user id : 64fb42b2dcfa37af564ed913
2023-09-10 16:21:25 | INFO | update name : sadsad sadsad , user id : 64fb42b2dcfa37af564ed913
2023-09-10 16:21:25 | INFO | update name : sadsad sadsad , user id : 64fb42b2dcfa37af564ed913
2023-09-10 16:21:34 | INFO | update name : sadsad sadsad , user id : 64fb42b2dcfa37af564ed913
2023-09-10 16:21:44 | INFO | update name : sadsad sadsad , user id : 64fb42b2dcfa37af564ed913
2023-09-10 16:22:11 | INFO | name : sadsad sadsad , user id : 64fb42b2dcfa37af564ed913
2023-09-10 16:22:38 | INFO | name : sadsad sadsad , user id : 64fb42b2dcfa37af564ed913
2023-09-10 16:23:01 | INFO | update name : sadsad sadsad , user id : 64fb42b2dcfa37af564ed913
2023-09-10 16:23:08 | INFO | update name : sadsadsss sadsadd , user id : 64fb42b2dcfa37af564ed913
2023-09-10 16:23:15 | INFO | name : d sadsadd , user id : 64fb42b2dcfa37af564ed913
2023-09-10 16:27:45 | INFO | name : d sadsadd , user id : 64fb42b2dcfa37af564ed913
2023-09-10 16:28:03 | INFO | update name : d sadsadd , user id : 64fb42b2dcfa37af564ed913
2023-09-10 16:28:03 | INFO | name : dddd sadsadd , user id : 64fb42b2dcfa37af564ed913
2023-09-10 16:28:06 | INFO | update name : dddd sadsadd , user id : 64fb42b2dcfa37af564ed913
2023-09-10 16:28:06 | INFO | name : ssss sadsadd , user id : 64fb42b2dcfa37af564ed913
2023-09-10 16:28:09 | INFO | update name : ssss sadsadd , user id : 64fb42b2dcfa37af564ed913
2023-09-10 16:28:09 | INFO | name : ssss sadsadd , user id : 64fb42b2dcfa37af564ed913
2023-09-10 16:28:20 | INFO | update name : ssss sadsadd , user id : 64fb42b2dcfa37af564ed913
2023-09-10 16:28:20 | INFO | name : ssss sadsadd , user id : 64fb42b2dcfa37af564ed913
2023-09-10 16:28:43 | INFO | update name : ssss sadsadd , user id : 64fb42b2dcfa37af564ed913
2023-09-10 16:28:43 | INFO | name : ssss sadsadd , user id : 64fb42b2dcfa37af564ed913
2023-09-10 16:28:57 | INFO | update name : ssss sadsadd , user id : 64fb42b2dcfa37af564ed913
2023-09-10 16:28:57 | INFO | name : Ahmed Hossam , user id : 64fb42b2dcfa37af564ed913
2023-09-10 16:29:21 | INFO | name : Ahmed Hossam , user id : 64fb42b2dcfa37af564ed913
2023-09-10 17:42:01 | INFO | name : Ahmed Hossam , user id : 64fb42b2dcfa37af564ed913
2023-09-10 17:43:59 | INFO | name : Ahmed Hossam , user id : 64fb42b2dcfa37af564ed913
2023-09-10 17:46:46 | INFO | update name : Ahmed Hossam , user id : 64fb42b2dcfa37af564ed913
2023-09-10 17:46:46 | ERROR | Cannot read properties of undefined (reading 'filename')
2023-09-10 17:48:20 | INFO | update name : Ahmed Hossam , user id : 64fb42b2dcfa37af564ed913
2023-09-10 17:48:20 | ERROR | Cannot read properties of undefined (reading 'filename')
2023-09-10 17:48:22 | INFO | update name : Ahmed Hossam , user id : 64fb42b2dcfa37af564ed913
2023-09-10 17:48:22 | INFO | name : Ahmed Hossam , user id : 64fb42b2dcfa37af564ed913
2023-09-10 17:51:30 | INFO | name : Ahmed Hossam , user id : 64fb42b2dcfa37af564ed913
2023-09-10 17:51:40 | INFO | update name : Ahmed Hossam , user id : 64fb42b2dcfa37af564ed913
2023-09-10 17:51:40 | INFO | name : Ahmed Hossam , user id : 64fb42b2dcfa37af564ed913
2023-09-10 17:52:31 | INFO | update name : Ahmed Hossam , user id : 64fb42b2dcfa37af564ed913
2023-09-10 17:52:31 | INFO | name : Ahmed Hossam , user id : 64fb42b2dcfa37af564ed913
2023-09-10 18:00:14 | INFO | name : Ahmed Hossam , user id : 64fb42b2dcfa37af564ed913
2023-09-10 18:02:05 | INFO | name : Ahmed Hossam , user id : 64fb42b2dcfa37af564ed913
2023-09-10 18:04:02 | INFO | name : Ahmed Hossam , user id : 64fb42b2dcfa37af564ed913
2023-09-10 18:04:37 | INFO | name : Ahmed Hossam , user id : 64fb42b2dcfa37af564ed913
2023-09-10 18:09:37 | INFO | name : Ahmed Hossam , user id : 64fb42b2dcfa37af564ed913
2023-09-10 18:19:58 | INFO | name : Ahmed Hossam , user id : 64fb42b2dcfa37af564ed913
2023-09-10 18:21:46 | INFO | name : Ahmed Hossam , user id : 64fb42b2dcfa37af564ed913
2023-09-10 18:21:58 | INFO | name : Ahmed Hossam , user id : 64fb42b2dcfa37af564ed913
2023-09-10 18:22:43 | INFO | name : Ahmed Hossam , user id : 64fb42b2dcfa37af564ed913
2023-09-10 18:23:59 | INFO | name : Ahmed Hossam , user id : 64fb42b2dcfa37af564ed913
2023-09-10 18:27:38 | INFO | name : Ahmed Hossam , user id : 64fb42b2dcfa37af564ed913
2023-09-10 18:29:07 | INFO | name : Ahmed Hossam , user id : 64fb42b2dcfa37af564ed913
2023-09-10 18:29:42 | INFO | name : Ahmed Hossam , user id : 64fb42b2dcfa37af564ed913
2023-09-10 18:31:31 | INFO | name : Ahmed Hossam , user id : 64fb42b2dcfa37af564ed913
2023-09-10 18:33:07 | INFO | name : Ahmed Hossam , user id : 64fb42b2dcfa37af564ed913
2023-09-10 18:34:17 | INFO | name : Ahmed Hossam , user id : 64fb42b2dcfa37af564ed913
2023-09-10 18:36:56 | INFO | name : Ahmed Hossam , user id : 64fb42b2dcfa37af564ed913
2023-09-10 18:37:35 | INFO | update name : Ahmed Hossam , user id : 64fb42b2dcfa37af564ed913
2023-09-10 18:37:35 | INFO | name : Ahmed Hossam , user id : 64fb42b2dcfa37af564ed913
2023-09-10 18:37:44 | INFO | name : Ahmed Hossam , user id : 64fb42b2dcfa37af564ed913
2023-09-10 18:38:20 | INFO | update name : Ahmed Hossam , user id : 64fb42b2dcfa37af564ed913
2023-09-10 18:38:20 | INFO | name : Ahmed Hossam , user id : 64fb42b2dcfa37af564ed913
2023-09-10 18:38:24 | INFO | name : Ahmed Hossam , user id : 64fb42b2dcfa37af564ed913
2023-09-10 18:44:23 | INFO | update name : Ahmed Hossam , user id : 64fb42b2dcfa37af564ed913
2023-09-10 18:44:23 | ERROR | Cannot read properties of undefined (reading 'filename')
2023-09-10 18:44:42 | INFO | update name : Ahmed Hossam , user id : 64fb42b2dcfa37af564ed913
2023-09-10 18:44:42 | INFO | name : Ahmed Hossam , user id : 64fb42b2dcfa37af564ed913
2023-09-10 18:45:06 | INFO | update name : Ahmed Hossam , user id : 64fb42b2dcfa37af564ed913
2023-09-10 18:45:06 | INFO | name : Ahmed Hossam , user id : 64fb42b2dcfa37af564ed913
2023-09-10 18:45:35 | INFO | update name : Ahmed Hossam , user id : 64fb42b2dcfa37af564ed913
2023-09-10 18:45:35 | INFO | name : Ahmed Hossam , user id : 64fb42b2dcfa37af564ed913
2023-09-10 18:45:54 | INFO | update name : Ahmed Hossam , user id : 64fb42b2dcfa37af564ed913
2023-09-10 18:45:54 | INFO | name : Ahmed Hossam , user id : 64fb42b2dcfa37af564ed913
2023-09-10 18:46:42 | INFO | update name : Ahmed Hossam , user id : 64fb42b2dcfa37af564ed913
2023-09-10 18:46:42 | INFO | name : Ahmed Hossam , user id : 64fb42b2dcfa37af564ed913
2023-09-10 18:47:19 | INFO | update name : Ahmed Hossam , user id : 64fb42b2dcfa37af564ed913
2023-09-10 18:47:19 | INFO | name : Ahmed Hossam , user id : 64fb42b2dcfa37af564ed913
2023-09-10 18:49:16 | INFO | update name : Ahmed Hossam , user id : 64fb42b2dcfa37af564ed913
2023-09-10 18:49:16 | ERROR | The "cb" argument must be of type function. Received undefined
2023-09-10 18:49:27 | INFO | update name : Ahmed Hossam , user id : 64fb42b2dcfa37af564ed913
2023-09-10 18:49:27 | ERROR | ENOENT: no such file or directory, unlink '../uploads/user/1694360839247.png'
2023-09-10 18:49:41 | INFO | update name : Ahmed Hossam , user id : 64fb42b2dcfa37af564ed913
2023-09-10 18:49:41 | ERROR | ENOENT: no such file or directory, unlink '/uploads/user/1694360839247.png'
2023-09-10 18:49:42 | INFO | update name : Ahmed Hossam , user id : 64fb42b2dcfa37af564ed913
2023-09-10 18:49:42 | ERROR | ENOENT: no such file or directory, unlink '/uploads/user/1694360839247.png'
2023-09-10 18:49:46 | INFO | update name : Ahmed Hossam , user id : 64fb42b2dcfa37af564ed913
2023-09-10 18:49:46 | ERROR | ENOENT: no such file or directory, unlink '/uploads/user/1694360839247.png'
2023-09-10 18:50:16 | INFO | update name : Ahmed Hossam , user id : 64fb42b2dcfa37af564ed913
2023-09-10 18:50:16 | ERROR | ENOENT: no such file or directory, unlink '/uploads/user/1694360839247.png'
2023-09-10 18:50:17 | INFO | update name : Ahmed Hossam , user id : 64fb42b2dcfa37af564ed913
2023-09-10 18:50:17 | ERROR | ENOENT: no such file or directory, unlink '/uploads/user/1694360839247.png'
2023-09-10 18:50:41 | INFO | update name : Ahmed Hossam , user id : 64fb42b2dcfa37af564ed913
2023-09-10 18:50:41 | INFO | name : Ahmed Hossam , user id : 64fb42b2dcfa37af564ed913
2023-09-10 18:53:44 | INFO | update name : Ahmed Hossam , user id : 64fb42b2dcfa37af564ed913
2023-09-10 18:53:44 | INFO | name : Ahmed Hossam , user id : 64fb42b2dcfa37af564ed913
2023-09-10 18:54:20 | INFO | update name : Ahmed Hossam , user id : 64fb42b2dcfa37af564ed913
2023-09-10 18:54:20 | INFO | name : Ahmed Hossam , user id : 64fb42b2dcfa37af564ed913
2023-09-10 18:54:33 | INFO | update name : Ahmed Hossam , user id : 64fb42b2dcfa37af564ed913
2023-09-10 18:54:33 | INFO | name : Ahmed Hossam , user id : 64fb42b2dcfa37af564ed913
2023-09-10 18:54:59 | INFO | update name : Ahmed Hossam , user id : 64fb42b2dcfa37af564ed913
2023-09-10 18:54:59 | INFO | name : Ahmed Hossam , user id : 64fb42b2dcfa37af564ed913
2023-09-10 18:55:09 | INFO | update name : Ahmed Hossam , user id : 64fb42b2dcfa37af564ed913
2023-09-10 18:55:09 | INFO | name : Ahmed Hossam , user id : 64fb42b2dcfa37af564ed913
2023-09-10 18:55:22 | INFO | update name : Ahmed Hossam , user id : 64fb42b2dcfa37af564ed913
2023-09-10 18:55:22 | INFO | name : Ahmed Hossam , user id : 64fb42b2dcfa37af564ed913
2023-09-10 19:04:45 | INFO | update name : Ahmed Hossam , user id : 64fb42b2dcfa37af564ed913
2023-09-10 19:04:45 | INFO | name : Ahmed Hossam , user id : 64fb42b2dcfa37af564ed913
2023-09-10 19:11:11 | INFO | name : Ahmed Hossam , user id : 64fb42b2dcfa37af564ed913
2023-09-10 19:15:32 | ERROR | Illegal arguments: undefined, string
2023-09-10 19:15:39 | ERROR | Illegal arguments: undefined, string
2023-09-10 19:16:21 | ERROR | rqe is not defined
2023-09-10 19:16:30 | ERROR | Illegal arguments: undefined, string
2023-09-10 19:16:31 | ERROR | Illegal arguments: undefined, string
2023-09-10 19:18:02 | INFO | name : Ahmed Hossam , user id : 64fb42b2dcfa37af564ed913
2023-09-10 19:18:08 | INFO | name : Ahmed Hossam , user id : 64fb42b2dcfa37af564ed913
2023-09-10 19:18:20 | INFO | name : Ahmed Hossam , user id : 64fb42b2dcfa37af564ed913
2023-09-10 19:22:17 | INFO | name : Ahmed Hossam , user id : 64fb42b2dcfa37af564ed913
2023-09-10 19:22:26 | INFO | name : Ahmed Hossam , user id : 64fb42b2dcfa37af564ed913
2023-09-10 19:23:00 | INFO | name : Ahmed Hossam , user id : 64fb42b2dcfa37af564ed913
2023-09-10 19:23:06 | INFO | update name : Ahmed Hossam , user id : 64fb42b2dcfa37af564ed913
2023-09-10 19:23:06 | INFO | name : Ahmed said , user id : 64fb42b2dcfa37af564ed913
2023-09-10 19:25:13 | INFO | name : Ahmed said , user id : 64fb42b2dcfa37af564ed913
2023-09-10 19:25:22 | INFO | name : Ahmed said , user id : 64fb42b2dcfa37af564ed913
2023-09-10 19:25:41 | INFO | name : Ahmed said , user id : 64fb42b2dcfa37af564ed913
2023-09-10 19:54:50 | INFO | name : Ahmed said , user id : 64fb42b2dcfa37af564ed913
2023-09-10 19:54:53 | INFO | name : Ahmed said , user id : 64fb42b2dcfa37af564ed913
2023-09-10 19:56:25 | INFO | name : Ahmed said , user id : 64fb42b2dcfa37af564ed913
2023-09-10 19:56:33 | INFO | name : Ahmed said , user id : 64fb42b2dcfa37af564ed913
2023-09-10 19:56:46 | INFO | name : Ahmed said , user id : 64fb42b2dcfa37af564ed913
2023-09-10 19:56:58 | INFO | name : Ahmed said , user id : 64fb42b2dcfa37af564ed913
2023-09-10 19:57:07 | INFO | name : Ahmed said , user id : 64fb42b2dcfa37af564ed913
2023-09-10 19:57:11 | INFO | name : Ahmed said , user id : 64fb42b2dcfa37af564ed913
2023-09-10 19:58:28 | INFO | name : Ahmed said , user id : 64fb42b2dcfa37af564ed913
2023-09-10 19:58:31 | INFO | name : Ahmed said , user id : 64fb42b2dcfa37af564ed913
2023-09-10 19:58:39 | INFO | name : Ahmed said , user id : 64fb42b2dcfa37af564ed913
2023-09-10 19:58:47 | INFO | name : Ahmed said , user id : 64fb42b2dcfa37af564ed913
2023-09-10 19:59:29 | INFO | name : Ahmed said , user id : 64fb42b2dcfa37af564ed913
2023-09-10 20:01:52 | INFO | name : Ahmed said , user id : 64fb42b2dcfa37af564ed913
2023-09-10 20:02:39 | INFO | name : Ahmed said , user id : 64fb42b2dcfa37af564ed913
2023-09-10 20:02:50 | INFO | name : Ahmed said , user id : 64fb42b2dcfa37af564ed913
2023-09-10 20:03:07 | INFO | name : Ahmed said , user id : 64fb42b2dcfa37af564ed913
2023-09-10 20:04:10 | INFO | name : Ahmed said , user id : 64fb42b2dcfa37af564ed913
2023-09-10 20:04:16 | INFO | name : Ahmed said , user id : 64fb42b2dcfa37af564ed913
2023-09-10 20:04:35 | INFO | name : Ahmed said , user id : 64fb42b2dcfa37af564ed913
2023-09-10 20:06:09 | INFO | name : Ahmed said , user id : 64fb42b2dcfa37af564ed913
2023-09-10 20:06:16 | INFO | name : Ahmed said , user id : 64fb42b2dcfa37af564ed913
2023-09-10 20:08:43 | INFO | name : Ahmed said , user id : 64fb42b2dcfa37af564ed913
2023-09-10 20:08:46 | INFO | name : Ahmed said , user id : 64fb42b2dcfa37af564ed913
2023-09-10 20:08:54 | INFO | name : Ahmed said , user id : 64fb42b2dcfa37af564ed913
2023-09-10 20:09:03 | INFO | name : Ahmed said , user id : 64fb42b2dcfa37af564ed913
2023-09-10 20:09:12 | INFO | name : Ahmed said , user id : 64fb42b2dcfa37af564ed913
2023-09-10 20:09:39 | INFO | name : Ahmed said , user id : 64fb42b2dcfa37af564ed913
2023-09-10 20:10:34 | INFO | name : Ahmed said , user id : 64fb42b2dcfa37af564ed913
2023-09-10 20:10:57 | INFO | name : Ahmed said , user id : 64fb42b2dcfa37af564ed913
2023-09-10 20:11:22 | INFO | name : Ahmed said , user id : 64fb42b2dcfa37af564ed913
2023-09-10 20:11:35 | INFO | name : Ahmed said , user id : 64fb42b2dcfa37af564ed913
2023-09-10 20:11:41 | INFO | name : Ahmed said , user id : 64fb42b2dcfa37af564ed913
2023-09-10 20:12:21 | INFO | name : Ahmed said , user id : 64fb42b2dcfa37af564ed913
2023-09-10 20:12:24 | INFO | name : Ahmed said , user id : 64fb42b2dcfa37af564ed913
2023-09-10 20:12:30 | INFO | name : Ahmed said , user id : 64fb42b2dcfa37af564ed913
2023-09-10 20:12:53 | INFO | name : Ahmed said , user id : 64fb42b2dcfa37af564ed913
2023-09-10 20:13:50 | INFO | name : Ahmed said , user id : 64fb42b2dcfa37af564ed913
2023-09-10 20:13:54 | INFO | name : Ahmed said , user id : 64fb42b2dcfa37af564ed913
2023-09-10 20:13:57 | INFO | name : Ahmed said , user id : 64fb42b2dcfa37af564ed913
2023-09-10 20:14:00 | INFO | name : Ahmed said , user id : 64fb42b2dcfa37af564ed913
2023-09-10 20:17:10 | INFO | name : Ahmed said , user id : 64fb42b2dcfa37af564ed913
2023-09-10 20:18:23 | INFO | name : Ahmed said , user id : 64fb42b2dcfa37af564ed913
2023-09-10 20:20:32 | INFO | name : Ahmed said , user id : 64fb42b2dcfa37af564ed913
2023-09-10 20:20:54 | INFO | name : Ahmed said , user id : 64fb42b2dcfa37af564ed913
2023-09-10 20:21:01 | INFO | name : Ahmed said , user id : 64fb42b2dcfa37af564ed913
2023-09-10 20:21:10 | INFO | name : Ahmed said , user id : 64fb42b2dcfa37af564ed913
2023-09-10 20:21:43 | INFO | name : Ahmed said , user id : 64fb42b2dcfa37af564ed913
2023-09-10 20:22:39 | INFO | name : Ahmed said , user id : 64fb42b2dcfa37af564ed913
2023-09-10 20:22:42 | INFO | name : Ahmed said , user id : 64fb42b2dcfa37af564ed913
2023-09-10 20:23:00 | INFO | name : Ahmed said , user id : 64fb42b2dcfa37af564ed913
2023-09-10 20:23:17 | INFO | name : Ahmed said , user id : 64fb42b2dcfa37af564ed913
2023-09-10 20:24:07 | INFO | name : Ahmed said , user id : 64fb42b2dcfa37af564ed913
2023-09-10 20:24:15 | INFO | name : Ahmed said , user id : 64fb42b2dcfa37af564ed913
2023-09-10 20:24:21 | INFO | name : Ahmed said , user id : 64fb42b2dcfa37af564ed913
2023-09-10 20:24:26 | INFO | name : Ahmed said , user id : 64fb42b2dcfa37af564ed913
2023-09-10 20:25:31 | INFO | name : Ahmed said , user id : 64fb42b2dcfa37af564ed913
2023-09-10 20:25:35 | INFO | name : Ahmed said , user id : 64fb42b2dcfa37af564ed913
2023-09-10 20:25:39 | INFO | name : Ahmed said , user id : 64fb42b2dcfa37af564ed913
2023-09-10 20:26:01 | INFO | name : Ahmed said , user id : 64fb42b2dcfa37af564ed913
2023-09-10 20:26:06 | INFO | name : Ahmed said , user id : 64fb42b2dcfa37af564ed913
2023-09-10 20:26:17 | INFO | name : Ahmed said , user id : 64fb42b2dcfa37af564ed913
2023-09-10 20:31:44 | INFO | name : Ahmed said , user id : 64fb42b2dcfa37af564ed913
2023-09-10 20:31:49 | INFO | name : Ahmed said , user id : 64fb42b2dcfa37af564ed913
2023-09-10 20:32:00 | INFO | name : Ahmed said , user id : 64fb42b2dcfa37af564ed913
2023-09-10 20:38:28 | INFO | name : Ahmed said , user id : 64fb42b2dcfa37af564ed913
2023-09-10 20:40:23 | INFO | name : Ahmed said , user id : 64fb42b2dcfa37af564ed913
2023-09-10 20:42:31 | INFO | name : Ahmed said , user id : 64fb42b2dcfa37af564ed913
2023-09-10 20:42:35 | INFO | name : Ahmed said , user id : 64fb42b2dcfa37af564ed913
2023-09-10 20:43:26 | INFO | name : Ahmed said , user id : 64fb42b2dcfa37af564ed913
2023-09-10 20:43:42 | INFO | name : Ahmed said , user id : 64fb42b2dcfa37af564ed913
2023-09-10 20:43:55 | INFO | name : Ahmed said , user id : 64fb42b2dcfa37af564ed913
2023-09-10 23:04:42 | INFO | name :   , user id : 64fb3c0eba42c676fc0e908b
2023-09-10 23:20:07 | INFO | name :   , user id : 64fb3c0eba42c676fc0e908b
2023-09-10 23:20:30 | INFO | name :   , user id : 64fb3c0eba42c676fc0e908b
2023-09-10 23:20:52 | INFO | name :   , user id : 64fb3c0eba42c676fc0e908b
2023-09-10 23:22:58 | INFO | name :   , user id : 64fb3c0eba42c676fc0e908b
2023-09-11 02:52:44 | INFO | name :   , user id : 64fb3c0eba42c676fc0e908b
2023-09-11 02:54:19 | INFO | name :   , user id : 64fb3c0eba42c676fc0e908b
2023-09-11 02:54:41 | INFO | name :   , user id : 64fb3c0eba42c676fc0e908b
2023-09-11 03:02:01 | INFO | name :   , user id : 64fb3c0eba42c676fc0e908b
2023-09-11 03:04:04 | INFO | name :   , user id : 64fb3c0eba42c676fc0e908b
2023-09-11 03:04:29 | INFO | name :   , user id : 64fb3c0eba42c676fc0e908b
2023-09-11 03:04:41 | INFO | name :   , user id : 64fb3c0eba42c676fc0e908b
2023-09-11 03:04:48 | INFO | name :   , user id : 64fb3c0eba42c676fc0e908b
2023-09-11 03:05:57 | INFO | name :   , user id : 64fb3c0eba42c676fc0e908b
2023-09-11 03:06:24 | INFO | name :   , user id : 64fb3c0eba42c676fc0e908b
2023-09-11 03:06:50 | INFO | name :   , user id : 64fb3c0eba42c676fc0e908b
2023-09-11 03:07:10 | INFO | name :   , user id : 64fb3c0eba42c676fc0e908b
2023-09-11 03:08:05 | INFO | name :   , user id : 64fb3c0eba42c676fc0e908b
2023-09-11 03:08:23 | INFO | name :   , user id : 64fb3c0eba42c676fc0e908b
2023-09-11 03:08:43 | INFO | name :   , user id : 64fb3c0eba42c676fc0e908b
2023-09-11 03:09:05 | INFO | name :   , user id : 64fb3c0eba42c676fc0e908b
2023-09-11 03:09:10 | INFO | name :   , user id : 64fb3c0eba42c676fc0e908b
2023-09-11 03:09:15 | INFO | name :   , user id : 64fb3c0eba42c676fc0e908b
2023-09-11 03:09:26 | INFO | name :   , user id : 64fb3c0eba42c676fc0e908b
2023-09-11 03:09:33 | INFO | name :   , user id : 64fb3c0eba42c676fc0e908b
2023-09-11 03:09:51 | INFO | name :   , user id : 64fb3c0eba42c676fc0e908b
2023-09-11 03:10:14 | INFO | name :   , user id : 64fb3c0eba42c676fc0e908b
2023-09-11 03:11:00 | INFO | name :   , user id : 64fb3c0eba42c676fc0e908b
2023-09-11 03:12:46 | INFO | name :   , user id : 64fb3c0eba42c676fc0e908b
2023-09-11 03:12:54 | INFO | name :   , user id : 64fb3c0eba42c676fc0e908b
2023-09-11 03:13:33 | INFO | name :   , user id : 64fb3c0eba42c676fc0e908b
2023-09-11 03:13:55 | INFO | name :   , user id : 64fb3c0eba42c676fc0e908b
2023-09-11 03:14:11 | INFO | name :   , user id : 64fb3c0eba42c676fc0e908b
2023-09-11 03:14:17 | INFO | name :   , user id : 64fb3c0eba42c676fc0e908b
2023-09-11 03:14:33 | INFO | name :   , user id : 64fb3c0eba42c676fc0e908b
2023-09-11 03:15:14 | INFO | name :   , user id : 64fb3c0eba42c676fc0e908b
2023-09-11 03:15:38 | INFO | name :   , user id : 64fb3c0eba42c676fc0e908b
2023-09-11 03:16:56 | INFO | name :   , user id : 64fb3c0eba42c676fc0e908b
2023-09-11 03:17:05 | INFO | name :   , user id : 64fb3c0eba42c676fc0e908b
2023-09-11 03:17:41 | INFO | name :   , user id : 64fb3c0eba42c676fc0e908b
2023-09-11 03:17:49 | INFO | name :   , user id : 64fb3c0eba42c676fc0e908b
2023-09-11 03:18:07 | INFO | name :   , user id : 64fb3c0eba42c676fc0e908b
2023-09-11 03:18:25 | INFO | name :   , user id : 64fb3c0eba42c676fc0e908b
2023-09-11 03:18:32 | INFO | name :   , user id : 64fb3c0eba42c676fc0e908b
2023-09-11 03:18:44 | INFO | name :   , user id : 64fb3c0eba42c676fc0e908b
2023-09-11 03:18:50 | INFO | name :   , user id : 64fb3c0eba42c676fc0e908b
2023-09-11 03:19:26 | INFO | name :   , user id : 64fb3c0eba42c676fc0e908b
2023-09-11 03:19:31 | INFO | name :   , user id : 64fb3c0eba42c676fc0e908b
2023-09-11 03:19:42 | INFO | name :   , user id : 64fb3c0eba42c676fc0e908b
2023-09-11 03:19:50 | INFO | name :   , user id : 64fb3c0eba42c676fc0e908b
2023-09-11 03:20:06 | INFO | name :   , user id : 64fb3c0eba42c676fc0e908b
2023-09-11 03:20:25 | INFO | name :   , user id : 64fb3c0eba42c676fc0e908b
2023-09-11 03:20:55 | INFO | name :   , user id : 64fb3c0eba42c676fc0e908b
2023-09-11 03:21:13 | INFO | name :   , user id : 64fb3c0eba42c676fc0e908b
2023-09-11 03:21:31 | INFO | name :   , user id : 64fb3c0eba42c676fc0e908b
2023-09-11 03:22:11 | INFO | name :   , user id : 64fb3c0eba42c676fc0e908b
2023-09-11 03:22:15 | INFO | name :   , user id : 64fb3c0eba42c676fc0e908b
2023-09-11 03:22:23 | INFO | name :   , user id : 64fb3c0eba42c676fc0e908b
2023-09-11 03:22:39 | INFO | name :   , user id : 64fb3c0eba42c676fc0e908b
2023-09-11 03:22:44 | INFO | name :   , user id : 64fb3c0eba42c676fc0e908b
2023-09-11 03:23:07 | INFO | name :   , user id : 64fb3c0eba42c676fc0e908b
2023-09-11 03:23:11 | INFO | name :   , user id : 64fb3c0eba42c676fc0e908b
2023-09-11 03:23:15 | INFO | name :   , user id : 64fb3c0eba42c676fc0e908b
2023-09-11 03:25:01 | INFO | name :   , user id : 64fb3c0eba42c676fc0e908b
2023-09-11 03:26:08 | INFO | name :   , user id : 64fb3c0eba42c676fc0e908b
2023-09-11 03:26:38 | INFO | name :   , user id : 64fb3c0eba42c676fc0e908b
2023-09-11 03:26:56 | INFO | name :   , user id : 64fb3c0eba42c676fc0e908b
2023-09-11 03:27:13 | INFO | name :   , user id : 64fb3c0eba42c676fc0e908b
2023-09-11 03:28:14 | INFO | name :   , user id : 64fb3c0eba42c676fc0e908b
2023-09-11 03:29:36 | INFO | name :   , user id : 64fb3c0eba42c676fc0e908b
2023-09-11 03:30:47 | INFO | name :   , user id : 64fb3c0eba42c676fc0e908b
2023-09-11 03:31:23 | INFO | name :   , user id : 64fb3c0eba42c676fc0e908b
2023-09-11 03:31:42 | INFO | name :   , user id : 64fb3c0eba42c676fc0e908b
2023-09-11 03:32:14 | INFO | update name :   , user id : 64fb3c0eba42c676fc0e908b
2023-09-11 03:32:15 | INFO | name : rwan abdelfattah , user id : 64fb3c0eba42c676fc0e908b
2023-09-11 03:32:29 | INFO | name : rwan abdelfattah , user id : 64fb3c0eba42c676fc0e908b
2023-09-11 04:04:54 | INFO | name : rwan fathy , user id : 64fe75ab86e5a93af076aef7
2023-09-11 04:05:00 | INFO | name : rwan fathy , user id : 64fe75ab86e5a93af076aef7
2023-09-11 04:05:16 | INFO | update name : rwan fathy , user id : 64fe75ab86e5a93af076aef7
2023-09-11 04:05:16 | INFO | name : rwan fathy , user id : 64fe75ab86e5a93af076aef7
2023-09-11 04:05:39 | INFO | update name : rwan fathy , user id : 64fe75ab86e5a93af076aef7
2023-09-11 04:05:39 | INFO | name : rwan fathy , user id : 64fe75ab86e5a93af076aef7
2023-09-11 04:10:34 | INFO | name : rwan fathy , user id : 64fe75ab86e5a93af076aef7
2023-09-11 04:10:58 | INFO | name : rwan fathy , user id : 64fe75ab86e5a93af076aef7
2023-09-11 04:11:26 | INFO | name : rwan fathy , user id : 64fe75ab86e5a93af076aef7
2023-09-11 04:13:21 | INFO | name : rwan fathy , user id : 64fe75ab86e5a93af076aef7
2023-09-11 04:14:42 | INFO | name : rwan fathy , user id : 64fe75ab86e5a93af076aef7
2023-09-11 04:14:51 | INFO | name : rwan fathy , user id : 64fe75ab86e5a93af076aef7
2023-09-11 04:14:59 | INFO | name : rwan fathy , user id : 64fe75ab86e5a93af076aef7
2023-09-11 04:15:39 | INFO | name : rwan fathy , user id : 64fe75ab86e5a93af076aef7
2023-09-11 04:17:14 | INFO | update name : rwan fathy , user id : 64fe75ab86e5a93af076aef7
2023-09-11 04:17:14 | INFO | name : rwan fathy , user id : 64fe75ab86e5a93af076aef7
2023-09-11 04:17:24 | INFO | name : rwan fathy , user id : 64fe75ab86e5a93af076aef7
2023-09-11 04:20:46 | INFO | name : rwan fathy , user id : 64fe75ab86e5a93af076aef7
2023-09-11 13:02:19 | INFO | name : rwan fathy , user id : 64fe75ab86e5a93af076aef7
2023-09-11 13:04:41 | INFO | name : rwan fathy , user id : 64fe75ab86e5a93af076aef7
2023-09-11 13:10:09 | INFO | name : rwan fathy , user id : 64fe75ab86e5a93af076aef7
2023-09-11 13:10:15 | INFO | name : rwan fathy , user id : 64fe75ab86e5a93af076aef7
2023-09-11 13:30:53 | INFO | name : rwan fathy , user id : 64fe75ab86e5a93af076aef7
2023-09-11 13:31:51 | INFO | name : rwan fathy , user id : 64fe75ab86e5a93af076aef7
2023-09-11 13:31:58 | INFO | name : rwan fathy , user id : 64fe75ab86e5a93af076aef7
2023-09-11 13:32:05 | INFO | name : rwan fathy , user id : 64fe75ab86e5a93af076aef7
2023-09-11 13:32:11 | INFO | name : rwan fathy , user id : 64fe75ab86e5a93af076aef7
2023-09-11 13:32:55 | INFO | name : rwan fathy , user id : 64fe75ab86e5a93af076aef7
2023-09-11 13:33:12 | INFO | name : rwan fathy , user id : 64fe75ab86e5a93af076aef7
2023-09-11 13:33:27 | INFO | name : rwan fathy , user id : 64fe75ab86e5a93af076aef7
2023-09-11 13:33:42 | INFO | name : rwan fathy , user id : 64fe75ab86e5a93af076aef7
2023-09-11 13:51:53 | INFO | name : rwan fathy , user id : 64fe75ab86e5a93af076aef7
2023-09-11 13:52:02 | INFO | name : rwan fathy , user id : 64fe75ab86e5a93af076aef7
2023-09-11 13:55:43 | INFO | name : rwan fathy , user id : 64fe75ab86e5a93af076aef7
2023-09-11 13:56:23 | INFO | name : rwan fathy , user id : 64fe75ab86e5a93af076aef7
2023-09-11 13:57:09 | INFO | name : rwan fathy , user id : 64fe75ab86e5a93af076aef7
2023-09-11 13:57:29 | INFO | name : rwan fathy , user id : 64fe75ab86e5a93af076aef7
2023-09-11 13:57:42 | INFO | name : rwan fathy , user id : 64fe75ab86e5a93af076aef7
2023-09-11 13:57:46 | INFO | name : rwan fathy , user id : 64fe75ab86e5a93af076aef7
2023-09-11 13:58:10 | INFO | name : rwan fathy , user id : 64fe75ab86e5a93af076aef7
2023-09-11 14:03:56 | INFO | name : rwan fathy , user id : 64fe75ab86e5a93af076aef7
2023-09-11 14:04:25 | INFO | name : rwan fathy , user id : 64fe75ab86e5a93af076aef7
2023-09-11 14:05:32 | INFO | name : rwan fathy , user id : 64fe75ab86e5a93af076aef7
2023-09-11 14:05:59 | INFO | name : rwan fathy , user id : 64fe75ab86e5a93af076aef7
2023-09-11 14:06:48 | INFO | name : rwan fathy , user id : 64fe75ab86e5a93af076aef7
2023-09-11 14:14:36 | INFO | name : rwan fathy , user id : 64fe75ab86e5a93af076aef7
2023-09-11 14:22:18 | INFO | name : rwan fathy , user id : 64fe75ab86e5a93af076aef7
2023-09-11 14:27:22 | INFO | name : rwan fathy , user id : 64fe75ab86e5a93af076aef7
2023-09-11 14:32:50 | INFO | name : rwan fathy , user id : 64fe75ab86e5a93af076aef7
2023-09-11 15:22:57 | INFO | name : rwan fathy , user id : 64fe75ab86e5a93af076aef7
2023-09-11 16:53:37 | INFO | name : rwan fathy , user id : 64fe75ab86e5a93af076aef7
2023-09-11 16:53:53 | INFO | name : rwan fathy , user id : 64fe75ab86e5a93af076aef7
2023-09-11 16:56:19 | INFO | name : rwan fathy , user id : 64fe75ab86e5a93af076aef7
2023-09-11 17:08:13 | INFO | name : rwan fathy , user id : 64fe75ab86e5a93af076aef7
2023-09-11 17:08:39 | INFO | name : rwan fathy , user id : 64fe75ab86e5a93af076aef7
2023-09-11 17:44:01 | INFO | name : rwan fathy , user id : 64fe75ab86e5a93af076aef7
2023-09-11 17:49:16 | INFO | name : rwan fathy , user id : 64fe75ab86e5a93af076aef7
2023-09-11 17:49:26 | INFO | name : rwan fathy , user id : 64fe75ab86e5a93af076aef7
2023-09-11 17:49:34 | INFO | name : rwan fathy , user id : 64fe75ab86e5a93af076aef7
2023-09-11 17:51:25 | INFO | name : rwan fathy , user id : 64fe75ab86e5a93af076aef7
2023-09-11 17:51:38 | INFO | name : rwan fathy , user id : 64fe75ab86e5a93af076aef7
2023-09-11 17:53:22 | INFO | name : rwan fathy , user id : 64fe75ab86e5a93af076aef7
2023-09-11 17:53:30 | INFO | name : rwan fathy , user id : 64fe75ab86e5a93af076aef7
2023-09-11 17:53:46 | INFO | name : rwan fathy , user id : 64fe75ab86e5a93af076aef7
2023-09-11 17:56:33 | INFO | name : rwan fathy , user id : 64fe75ab86e5a93af076aef7
2023-09-11 17:56:42 | INFO | name : rwan fathy , user id : 64fe75ab86e5a93af076aef7
2023-09-11 17:58:18 | INFO | name : rwan fathy , user id : 64fe75ab86e5a93af076aef7
2023-09-11 17:58:31 | INFO | name : rwan fathy , user id : 64fe75ab86e5a93af076aef7
2023-09-11 17:59:46 | INFO | name : rwan fathy , user id : 64fe75ab86e5a93af076aef7
2023-09-11 18:00:49 | INFO | name : rwan fathy , user id : 64fe75ab86e5a93af076aef7
2023-09-11 18:01:30 | INFO | name : rwan fathy , user id : 64fe75ab86e5a93af076aef7
2023-09-11 18:01:56 | INFO | name : rwan fathy , user id : 64fe75ab86e5a93af076aef7
2023-09-11 18:02:02 | INFO | name : rwan fathy , user id : 64fe75ab86e5a93af076aef7
2023-09-11 18:03:14 | INFO | name : rwan fathy , user id : 64fe75ab86e5a93af076aef7
2023-09-11 18:03:55 | INFO | name : rwan fathy , user id : 64fe75ab86e5a93af076aef7
2023-09-11 18:04:13 | INFO | name : rwan fathy , user id : 64fe75ab86e5a93af076aef7
2023-09-11 18:04:26 | INFO | name : rwan fathy , user id : 64fe75ab86e5a93af076aef7
2023-09-11 18:04:31 | INFO | name : rwan fathy , user id : 64fe75ab86e5a93af076aef7
2023-09-11 18:46:26 | INFO | name : rwan fathy , user id : 64fe75ab86e5a93af076aef7
2023-09-11 18:46:32 | INFO | name : rwan fathy , user id : 64fe75ab86e5a93af076aef7
2023-09-11 18:46:43 | INFO | name : rwan fathy , user id : 64fe75ab86e5a93af076aef7
2023-09-11 18:47:01 | INFO | name : rwan fathy , user id : 64fe75ab86e5a93af076aef7
2023-09-11 18:59:39 | INFO | name : rwan fathy , user id : 64fe75ab86e5a93af076aef7
2023-09-11 18:59:44 | INFO | name : rwan fathy , user id : 64fe75ab86e5a93af076aef7
2023-09-11 19:00:00 | INFO | name : rwan fathy , user id : 64fe75ab86e5a93af076aef7
2023-09-11 19:00:05 | INFO | name : rwan fathy , user id : 64fe75ab86e5a93af076aef7
2023-09-11 19:00:17 | INFO | name : rwan fathy , user id : 64fe75ab86e5a93af076aef7
2023-09-11 19:51:17 | INFO | name : rwan fathy , user id : 64fe75ab86e5a93af076aef7
2023-09-11 19:51:59 | INFO | name : rwan fathy , user id : 64fe75ab86e5a93af076aef7
2023-09-11 19:52:15 | INFO | name : rwan fathy , user id : 64fe75ab86e5a93af076aef7
2023-09-11 19:57:18 | INFO | name : rwan fathy , user id : 64fe75ab86e5a93af076aef7
2023-09-11 19:57:25 | INFO | name : rwan fathy , user id : 64fe75ab86e5a93af076aef7
2023-09-11 19:57:43 | INFO | name : rwan fathy , user id : 64fe75ab86e5a93af076aef7
2023-09-11 19:57:55 | INFO | name : rwan fathy , user id : 64fe75ab86e5a93af076aef7
2023-09-11 20:17:35 | INFO | name : rwan fathy , user id : 64fe75ab86e5a93af076aef7
2023-09-11 20:37:30 | INFO | name : rwan fathy , user id : 64fe75ab86e5a93af076aef7
2023-09-11 21:01:12 | INFO | name : rwan fathy , user id : 64fe75ab86e5a93af076aef7
2023-09-11 21:01:23 | INFO | name : rwan fathy , user id : 64fe75ab86e5a93af076aef7
2023-09-11 21:01:27 | INFO | name : rwan fathy , user id : 64fe75ab86e5a93af076aef7
2023-09-11 21:02:14 | INFO | name : rwan fathy , user id : 64fe75ab86e5a93af076aef7
2023-09-11 21:02:21 | INFO | update name : rwan fathy , user id : 64fe75ab86e5a93af076aef7
2023-09-11 21:02:21 | INFO | name : rwann fathy , user id : 64fe75ab86e5a93af076aef7
2023-09-11 21:02:32 | INFO | name : rwann fathy , user id : 64fe75ab86e5a93af076aef7
2023-09-11 21:02:51 | INFO | name : rwann fathy , user id : 64fe75ab86e5a93af076aef7
2023-09-11 21:04:21 | INFO | name : rwann fathy , user id : 64fe75ab86e5a93af076aef7
2023-09-11 21:04:32 | INFO | name : rwann fathy , user id : 64fe75ab86e5a93af076aef7
2023-09-11 21:05:14 | INFO | name : rwann fathy , user id : 64fe75ab86e5a93af076aef7
2023-09-11 21:05:22 | INFO | name : rwann fathy , user id : 64fe75ab86e5a93af076aef7
2023-09-11 21:05:24 | INFO | name : rwann fathy , user id : 64fe75ab86e5a93af076aef7
2023-09-11 21:05:32 | INFO | name : rwann fathy , user id : 64fe75ab86e5a93af076aef7
2023-09-11 21:51:27 | INFO | name : rwann fathy , user id : 64fe75ab86e5a93af076aef7
2023-09-11 21:51:41 | INFO | name : rwann fathy , user id : 64fe75ab86e5a93af076aef7
2023-09-11 21:51:57 | INFO | name : rwann fathy , user id : 64fe75ab86e5a93af076aef7
2023-09-12 21:20:38 | INFO | name : rwann fathy , user id : 64fe75ab86e5a93af076aef7
2023-09-12 21:21:12 | INFO | name : rwann fathy , user id : 64fe75ab86e5a93af076aef7
2023-09-12 21:33:49 | INFO | name : rwann fathy , user id : 64fe75ab86e5a93af076aef7
2023-09-12 21:37:17 | INFO | name : rwann fathy , user id : 64fe75ab86e5a93af076aef7
2023-09-12 21:37:36 | INFO | name : rwann fathy , user id : 64fe75ab86e5a93af076aef7
2023-09-12 21:37:45 | INFO | name : rwann fathy , user id : 64fe75ab86e5a93af076aef7
2023-09-12 21:38:49 | INFO | name : rwann fathy , user id : 64fe75ab86e5a93af076aef7
2023-09-12 21:39:39 | INFO | name : rwann fathy , user id : 64fe75ab86e5a93af076aef7
2023-09-12 21:39:56 | INFO | name : rwann fathy , user id : 64fe75ab86e5a93af076aef7
2023-09-16 01:14:47 | INFO | name : rwann fathy , user id : 64fe75ab86e5a93af076aef7
2023-09-16 01:15:03 | INFO | name : rwann fathy , user id : 64fe75ab86e5a93af076aef7
2023-09-16 01:15:59 | INFO | name : rwann fathy , user id : 64fe75ab86e5a93af076aef7
2023-09-16 01:25:42 | INFO | name : rwann fathy , user id : 64fe75ab86e5a93af076aef7
2023-09-16 01:27:06 | INFO | name : rwann fathy , user id : 64fe75ab86e5a93af076aef7
2023-09-16 01:27:34 | INFO | name : rwann fathy , user id : 64fe75ab86e5a93af076aef7
2023-09-16 01:27:38 | INFO | name : rwann fathy , user id : 64fe75ab86e5a93af076aef7
2023-09-16 01:27:46 | INFO | name : rwann fathy , user id : 64fe75ab86e5a93af076aef7
2023-09-16 01:27:53 | INFO | name : rwann fathy , user id : 64fe75ab86e5a93af076aef7
2023-09-16 01:28:08 | INFO | name : rwann fathy , user id : 64fe75ab86e5a93af076aef7
2023-09-16 01:28:21 | INFO | name : rwann fathy , user id : 64fe75ab86e5a93af076aef7
2023-09-16 01:28:40 | INFO | name : rwann fathy , user id : 64fe75ab86e5a93af076aef7
2023-09-16 01:28:46 | INFO | name : rwann fathy , user id : 64fe75ab86e5a93af076aef7
2023-09-16 01:28:49 | INFO | name : rwann fathy , user id : 64fe75ab86e5a93af076aef7
2023-09-16 01:29:14 | INFO | name : rwann fathy , user id : 64fe75ab86e5a93af076aef7
2023-09-16 01:29:50 | INFO | name : rwann fathy , user id : 64fe75ab86e5a93af076aef7
2023-09-16 01:30:07 | INFO | name : rwann fathy , user id : 64fe75ab86e5a93af076aef7
2023-09-16 01:30:13 | INFO | name : rwann fathy , user id : 64fe75ab86e5a93af076aef7
2023-09-16 01:30:16 | INFO | name : rwann fathy , user id : 64fe75ab86e5a93af076aef7
2023-09-16 01:30:53 | INFO | name : rwann fathy , user id : 64fe75ab86e5a93af076aef7
2023-09-16 01:31:49 | INFO | name : rwann fathy , user id : 64fe75ab86e5a93af076aef7
2023-09-16 01:32:08 | INFO | name : rwann fathy , user id : 64fe75ab86e5a93af076aef7
2023-09-16 01:32:26 | INFO | name : rwann fathy , user id : 64fe75ab86e5a93af076aef7
2023-09-16 01:32:30 | INFO | name : rwann fathy , user id : 64fe75ab86e5a93af076aef7
2023-09-16 01:33:06 | INFO | name : rwann fathy , user id : 64fe75ab86e5a93af076aef7
2023-09-16 01:33:17 | INFO | name : rwann fathy , user id : 64fe75ab86e5a93af076aef7
2023-09-16 01:33:20 | INFO | name : rwann fathy , user id : 64fe75ab86e5a93af076aef7
2023-09-16 13:17:59 | INFO | name : rwann fathy , user id : 64fe75ab86e5a93af076aef7
2023-09-16 13:20:16 | INFO | name : rwann fathy , user id : 64fe75ab86e5a93af076aef7
2023-09-16 13:30:18 | INFO | name : rwann fathy , user id : 64fe75ab86e5a93af076aef7
2023-09-16 13:31:45 | INFO | name : rwann fathy , user id : 64fe75ab86e5a93af076aef7
